  Parameter format not correct - "parser.c".
  Parameter format not correct - "parser.h".
  Parameter format not correct - "parser.output".
  compiler/parser.y:224.19-35: warning: type clash on default action: <exprValue> != <strValue>
  compiler/parser.y:225.19-32: warning: type clash on default action: <exprValue> != <strValue>
  compiler/parser.y:471.19-27: warning: type clash on default action: <exprValue> != <>
  compiler/parser.y:563.19-56: warning: type clash on default action: <strValue> != <exprValue>
  conflicts: 1 shift/reduce
  intermediate.c
C:\Users\Jason\source\repos\alpha\compiler\intermediate.c(85,19): warning C4996: 'strdup': The POSIX name for this item is deprecated. Instead, use the ISO C and C++ conformant name: _strdup. See online help for details.
C:\Users\Jason\source\repos\alpha\compiler\intermediate.c(195,15): warning C4996: 'strdup': The POSIX name for this item is deprecated. Instead, use the ISO C and C++ conformant name: _strdup. See online help for details.
C:\Users\Jason\source\repos\alpha\compiler\intermediate.c(385,18): warning C4018: '<': signed/unsigned mismatch
C:\Users\Jason\source\repos\alpha\compiler\intermediate.c(379,11): warning C4101: 'e': unreferenced local variable
  parser.c
C:\Users\Jason\source\repos\alpha\compiler\tools.h(6,1): warning C4005: 'TRUE': macro redefinition
C:\Users\Jason\source\repos\alpha\compiler\parser.h(105): message : see previous definition of 'TRUE'
C:\Users\Jason\source\repos\alpha\compiler\tools.h(7,1): warning C4005: 'FALSE': macro redefinition
C:\Users\Jason\source\repos\alpha\compiler\parser.h(106): message : see previous definition of 'FALSE'
compiler/parser.c(218,1): warning C4005: 'TRUE': macro redefinition
C:\Users\Jason\source\repos\alpha\compiler\tools.h(6): message : see previous definition of 'TRUE'
compiler/parser.c(219,1): warning C4005: 'FALSE': macro redefinition
C:\Users\Jason\source\repos\alpha\compiler\tools.h(7): message : see previous definition of 'FALSE'
compiler/parser.c(424,24): warning C4273: 'malloc': inconsistent dll linkage
C:\Program Files (x86)\Windows Kits\10\Include\10.0.18362.0\ucrt\corecrt_malloc.h(97,15): message : see previous definition of 'malloc'
compiler/parser.c(431,19): warning C4273: 'free': inconsistent dll linkage
C:\Program Files (x86)\Windows Kits\10\Include\10.0.18362.0\ucrt\corecrt_malloc.h(85,14): message : see previous definition of 'free'
compiler/parser.y(204,104): warning C4244: 'function': conversion from 'double' to 'int', possible loss of data
compiler/parser.y(212,105): warning C4244: 'function': conversion from 'double' to 'int', possible loss of data
compiler/parser.y(542,96): warning C4133: '=': incompatible types - from 'char *' to 'Expression *'
compiler/parser.y(547,143): warning C4133: '=': incompatible types - from 'Expr *' to 'char *'
compiler/parser.y(557,47): warning C4133: '=': incompatible types - from 'Expr *' to 'char *'
compiler/parser.y(618,107): warning C4305: 'function': truncation from 'int' to 'unsigned char'
compiler/parser.y(622,118): warning C4305: 'function': truncation from 'int' to 'unsigned char'
compiler/parser.y(769,64): warning C4244: 'function': conversion from 'double' to 'unsigned int', possible loss of data
compiler/parser.y(576,51): warning C4996: 'strdup': The POSIX name for this item is deprecated. Instead, use the ISO C and C++ conformant name: _strdup. See online help for details.
  scanner.c
lex.l(77,23): warning C4996: 'strdup': The POSIX name for this item is deprecated. Instead, use the ISO C and C++ conformant name: _strdup. See online help for details.
lex.l(82,23): warning C4996: 'strdup': The POSIX name for this item is deprecated. Instead, use the ISO C and C++ conformant name: _strdup. See online help for details.
scanner.c(683,10): warning C4102: 'find_rule': unreferenced label
scanner.c(1231,1): warning C4267: '=': conversion from 'size_t' to 'int', possible loss of data
scanner.c(1393,2): warning C4244: 'initializing': conversion from '__int64' to 'int', possible loss of data
scanner.c(1582,41): warning C4996: 'fileno': The POSIX name for this item is deprecated. Instead, use the ISO C and C++ conformant name: _fileno. See online help for details.
  stack.c
  symbol_table.c
  tools.c
C:\Users\Jason\source\repos\alpha\compiler\tools.c(10,11): warning C4101: 'iter': unreferenced local variable
C:\Users\Jason\source\repos\alpha\compiler\tools.c(10,18): warning C4101: 's': unreferenced local variable
C:\Users\Jason\source\repos\alpha\compiler\tools.c(11,18): warning C4101: 'i': unreferenced local variable
  Generating Code...
C:\Users\Jason\source\repos\alpha\compiler\intermediate.c(19): warning C4715: 'is_arith': not all control paths return a value
  alpha.vcxproj -> C:\Users\Jason\source\repos\alpha\x64\Debug\alpha.exe
